<?xml version="1.0" encoding="UTF-8"?>
<testsuite name="com.example.demo.service.DemoServiceTest" tests="2" skipped="0" failures="0" errors="0" timestamp="2022-12-28T19:17:15" hostname="gimsan-ui-MacBookAir.local" time="0.001">
  <properties/>
  <testcase name="timetable()" classname="com.example.demo.service.DemoServiceTest" time="0.001"/>
  <testcase name="test1()" classname="com.example.demo.service.DemoServiceTest" time="0.0"/>
  <system-out><![CDATA[]]></system-out>
  <system-err><![CDATA[]]></system-err>
</testsuite>
