<?xml version="1.0" encoding="UTF-8"?>
<testsuite name="com.example.demo.DemoApplicationTests" tests="1" skipped="0" failures="0" errors="0" timestamp="2023-01-19T04:07:56" hostname="gimsan-ui-MacBookAir.local" time="0.099">
  <properties/>
  <testcase name="contextLoads()" classname="com.example.demo.DemoApplicationTests" time="0.099"/>
  <system-out><![CDATA[13:07:53.321 [Test worker] DEBUG org.springframework.boot.test.context.SpringBootTestContextBootstrapper - Neither @ContextConfiguration nor @ContextHierarchy found for test class [DemoApplicationTests]: using SpringBootContextLoader
13:07:53.326 [Test worker] DEBUG org.springframework.test.context.support.AbstractContextLoader - Could not detect default resource locations for test class [com.example.demo.DemoApplicationTests]: no resource found for suffixes {-context.xml, Context.groovy}.
13:07:53.326 [Test worker] INFO org.springframework.test.context.support.AnnotationConfigContextLoaderUtils - Could not detect default configuration classes for test class [com.example.demo.DemoApplicationTests]: DemoApplicationTests does not declare any static, non-private, non-final, nested classes annotated with @Configuration.
13:07:53.342 [Test worker] DEBUG org.springframework.boot.test.context.SpringBootTestContextBootstrapper - Using ContextCustomizers for test class [DemoApplicationTests]: [DisableObservabilityContextCustomizer, PropertyMappingContextCustomizer, Customizer, ExcludeFilterContextCustomizer, DuplicateJsonObjectContextCustomizer, MockitoContextCustomizer, TestRestTemplateContextCustomizer]
13:07:53.393 [Test worker] DEBUG org.springframework.context.annotation.ClassPathScanningCandidateComponentProvider - Identified candidate component class: file [/Users/kimsan/Desktop/java_practice/clubTimetable_project/demo/build/classes/java/main/com/example/demo/DemoApplication.class]
13:07:53.395 [Test worker] INFO org.springframework.boot.test.context.SpringBootTestContextBootstrapper - Found @SpringBootConfiguration com.example.demo.DemoApplication for test class com.example.demo.DemoApplicationTests
13:07:53.457 [Test worker] DEBUG org.springframework.boot.test.context.SpringBootTestContextBootstrapper - Using TestExecutionListeners for test class [DemoApplicationTests]: [ServletTestExecutionListener, DirtiesContextBeforeModesTestExecutionListener, ApplicationEventsTestExecutionListener, MockitoTestExecutionListener, DependencyInjectionTestExecutionListener, DirtiesContextTestExecutionListener, TransactionalTestExecutionListener, SqlScriptsTestExecutionListener, WithSecurityContextTestExecutionListener, EventPublishingTestExecutionListener, ReactorContextTestExecutionListener, RestDocsTestExecutionListener, MockRestServiceServerResetTestExecutionListener, MockMvcPrintOnlyOnFailureTestExecutionListener, WebDriverTestExecutionListener, MockWebServiceServerTestExecutionListener, ResetMocksTestExecutionListener]
13:07:53.458 [Test worker] DEBUG org.springframework.test.context.support.AbstractDirtiesContextTestExecutionListener - Before test class: class [DemoApplicationTests], class annotated with @DirtiesContext [false] with mode [null]

  .   ____          _            __ _ _
 /\\ / ___'_ __ _ _(_)_ __  __ _ \ \ \ \
( ( )\___ | '_ | '_| | '_ \/ _` | \ \ \ \
 \\/  ___)| |_)| | | | | || (_| |  ) ) ) )
  '  |____| .__|_| |_|_| |_\__, | / / / /
 =========|_|==============|___/=/_/_/_/
?[32m :: Spring Boot :: ?[39m              ?[2m (v3.0.0)?[0;39m

?[2m2023-01-19T13:07:53.636+09:00?[0;39m ?[32m INFO?[0;39m ?[35m51685?[0;39m ?[2m---?[0;39m ?[2m[    Test worker]?[0;39m ?[36mcom.example.demo.DemoApplicationTests   ?[0;39m ?[2m:?[0;39m Starting DemoApplicationTests using Java 17.0.5 with PID 51685 (started by kimsan in /Users/kimsan/Desktop/java_practice/clubTimetable_project/demo)
?[2m2023-01-19T13:07:53.637+09:00?[0;39m ?[32m INFO?[0;39m ?[35m51685?[0;39m ?[2m---?[0;39m ?[2m[    Test worker]?[0;39m ?[36mcom.example.demo.DemoApplicationTests   ?[0;39m ?[2m:?[0;39m No active profile set, falling back to 1 default profile: "default"
?[2m2023-01-19T13:07:54.017+09:00?[0;39m ?[32m INFO?[0;39m ?[35m51685?[0;39m ?[2m---?[0;39m ?[2m[    Test worker]?[0;39m ?[36m.s.d.r.c.RepositoryConfigurationDelegate?[0;39m ?[2m:?[0;39m Bootstrapping Spring Data JPA repositories in DEFAULT mode.
?[2m2023-01-19T13:07:54.064+09:00?[0;39m ?[32m INFO?[0;39m ?[35m51685?[0;39m ?[2m---?[0;39m ?[2m[    Test worker]?[0;39m ?[36m.s.d.r.c.RepositoryConfigurationDelegate?[0;39m ?[2m:?[0;39m Finished Spring Data repository scanning in 42 ms. Found 3 JPA repository interfaces.
?[2m2023-01-19T13:07:54.363+09:00?[0;39m ?[32m INFO?[0;39m ?[35m51685?[0;39m ?[2m---?[0;39m ?[2m[    Test worker]?[0;39m ?[36mo.hibernate.jpa.internal.util.LogHelper ?[0;39m ?[2m:?[0;39m HHH000204: Processing PersistenceUnitInfo [name: default]
?[2m2023-01-19T13:07:54.391+09:00?[0;39m ?[32m INFO?[0;39m ?[35m51685?[0;39m ?[2m---?[0;39m ?[2m[    Test worker]?[0;39m ?[36morg.hibernate.Version                   ?[0;39m ?[2m:?[0;39m HHH000412: Hibernate ORM core version 6.1.5.Final
?[2m2023-01-19T13:07:54.496+09:00?[0;39m ?[33m WARN?[0;39m ?[35m51685?[0;39m ?[2m---?[0;39m ?[2m[    Test worker]?[0;39m ?[36morg.hibernate.orm.deprecation           ?[0;39m ?[2m:?[0;39m HHH90000021: Encountered deprecated setting [javax.persistence.sharedCache.mode], use [jakarta.persistence.sharedCache.mode] instead
?[2m2023-01-19T13:07:54.573+09:00?[0;39m ?[32m INFO?[0;39m ?[35m51685?[0;39m ?[2m---?[0;39m ?[2m[    Test worker]?[0;39m ?[36mcom.zaxxer.hikari.HikariDataSource      ?[0;39m ?[2m:?[0;39m HikariPool-1 - Starting...
?[2m2023-01-19T13:07:54.892+09:00?[0;39m ?[32m INFO?[0;39m ?[35m51685?[0;39m ?[2m---?[0;39m ?[2m[    Test worker]?[0;39m ?[36mcom.zaxxer.hikari.pool.HikariPool       ?[0;39m ?[2m:?[0;39m HikariPool-1 - Added connection com.mysql.cj.jdbc.ConnectionImpl@17c53dfb
?[2m2023-01-19T13:07:54.893+09:00?[0;39m ?[32m INFO?[0;39m ?[35m51685?[0;39m ?[2m---?[0;39m ?[2m[    Test worker]?[0;39m ?[36mcom.zaxxer.hikari.HikariDataSource      ?[0;39m ?[2m:?[0;39m HikariPool-1 - Start completed.
?[2m2023-01-19T13:07:54.955+09:00?[0;39m ?[32m INFO?[0;39m ?[35m51685?[0;39m ?[2m---?[0;39m ?[2m[    Test worker]?[0;39m ?[36mSQL dialect                             ?[0;39m ?[2m:?[0;39m HHH000400: Using dialect: org.hibernate.dialect.MySQLDialect
?[2m2023-01-19T13:07:55.515+09:00?[0;39m ?[32m INFO?[0;39m ?[35m51685?[0;39m ?[2m---?[0;39m ?[2m[    Test worker]?[0;39m ?[36mo.h.e.t.j.p.i.JtaPlatformInitiator      ?[0;39m ?[2m:?[0;39m HHH000490: Using JtaPlatform implementation: [org.hibernate.engine.transaction.jta.platform.internal.NoJtaPlatform]
?[2m2023-01-19T13:07:55.520+09:00?[0;39m ?[32m INFO?[0;39m ?[35m51685?[0;39m ?[2m---?[0;39m ?[2m[    Test worker]?[0;39m ?[36mj.LocalContainerEntityManagerFactoryBean?[0;39m ?[2m:?[0;39m Initialized JPA EntityManagerFactory for persistence unit 'default'
?[2m2023-01-19T13:07:55.824+09:00?[0;39m ?[33m WARN?[0;39m ?[35m51685?[0;39m ?[2m---?[0;39m ?[2m[    Test worker]?[0;39m ?[36mJpaBaseConfiguration$JpaWebConfiguration?[0;39m ?[2m:?[0;39m spring.jpa.open-in-view is enabled by default. Therefore, database queries may be performed during view rendering. Explicitly configure spring.jpa.open-in-view to disable this warning
?[2m2023-01-19T13:07:56.031+09:00?[0;39m ?[32m INFO?[0;39m ?[35m51685?[0;39m ?[2m---?[0;39m ?[2m[    Test worker]?[0;39m ?[36mo.s.s.web.DefaultSecurityFilterChain    ?[0;39m ?[2m:?[0;39m Will secure any request with [org.springframework.security.web.session.DisableEncodeUrlFilter@224e7aa5, org.springframework.security.web.context.request.async.WebAsyncManagerIntegrationFilter@89ff043, org.springframework.security.web.context.SecurityContextHolderFilter@71e9640, org.springframework.security.web.header.HeaderWriterFilter@28796d0e, org.springframework.web.filter.CorsFilter@4d145177, org.springframework.security.web.authentication.logout.LogoutFilter@1a22325d, com.example.demo.config.JwtAuthenticationFilter@1f57fa23, org.springframework.security.web.savedrequest.RequestCacheAwareFilter@25762f04, org.springframework.security.web.servletapi.SecurityContextHolderAwareRequestFilter@705dc1a6, org.springframework.security.web.authentication.AnonymousAuthenticationFilter@4e9d203e, org.springframework.security.web.session.SessionManagementFilter@762db992, org.springframework.security.web.access.ExceptionTranslationFilter@24890021, org.springframework.security.web.access.intercept.AuthorizationFilter@2351255a]
?[2m2023-01-19T13:07:56.215+09:00?[0;39m ?[32m INFO?[0;39m ?[35m51685?[0;39m ?[2m---?[0;39m ?[2m[    Test worker]?[0;39m ?[36mcom.example.demo.DemoApplicationTests   ?[0;39m ?[2m:?[0;39m Started DemoApplicationTests in 2.729 seconds (process running for 3.458)
]]></system-out>
  <system-err><![CDATA[]]></system-err>
</testsuite>
