<?xml version="1.0" encoding="UTF-8"?>
<testsuite name="com.example.demo.service.TimetableServiceTest" tests="3" skipped="0" failures="0" errors="0" timestamp="2023-01-18T19:27:16" hostname="gimsan-ui-MacBookAir.local" time="0.026">
  <properties/>
  <testcase name="validateTimeInRange()" classname="com.example.demo.service.TimetableServiceTest" time="0.0"/>
  <testcase name="validateDay()" classname="com.example.demo.service.TimetableServiceTest" time="0.025"/>
  <testcase name="validateTime()" classname="com.example.demo.service.TimetableServiceTest" time="0.001"/>
  <system-out><![CDATA[false
]]></system-out>
  <system-err><![CDATA[]]></system-err>
</testsuite>
