<?xml version="1.0" encoding="UTF-8"?>
<testsuite name="com.example.demo.DemoApplicationTests" tests="1" skipped="0" failures="0" errors="0" timestamp="2022-12-29T20:00:27" hostname="gimsan-ui-MacBookAir.local" time="0.118">
  <properties/>
  <testcase name="contextLoads()" classname="com.example.demo.DemoApplicationTests" time="0.118"/>
  <system-out><![CDATA[05:00:23.255 [Test worker] DEBUG org.springframework.boot.test.context.SpringBootTestContextBootstrapper - Neither @ContextConfiguration nor @ContextHierarchy found for test class [DemoApplicationTests]: using SpringBootContextLoader
05:00:23.261 [Test worker] DEBUG org.springframework.test.context.support.AbstractContextLoader - Could not detect default resource locations for test class [com.example.demo.DemoApplicationTests]: no resource found for suffixes {-context.xml, Context.groovy}.
05:00:23.262 [Test worker] INFO org.springframework.test.context.support.AnnotationConfigContextLoaderUtils - Could not detect default configuration classes for test class [com.example.demo.DemoApplicationTests]: DemoApplicationTests does not declare any static, non-private, non-final, nested classes annotated with @Configuration.
05:00:23.283 [Test worker] DEBUG org.springframework.boot.test.context.SpringBootTestContextBootstrapper - Using ContextCustomizers for test class [DemoApplicationTests]: [DisableObservabilityContextCustomizer, PropertyMappingContextCustomizer, Customizer, ExcludeFilterContextCustomizer, DuplicateJsonObjectContextCustomizer, MockitoContextCustomizer, TestRestTemplateContextCustomizer]
05:00:23.345 [Test worker] DEBUG org.springframework.context.annotation.ClassPathScanningCandidateComponentProvider - Identified candidate component class: file [/Users/kimsan/Downloads/demo/build/classes/java/main/com/example/demo/DemoApplication.class]
05:00:23.348 [Test worker] INFO org.springframework.boot.test.context.SpringBootTestContextBootstrapper - Found @SpringBootConfiguration com.example.demo.DemoApplication for test class com.example.demo.DemoApplicationTests
05:00:23.440 [Test worker] DEBUG org.springframework.boot.test.context.SpringBootTestContextBootstrapper - Using TestExecutionListeners for test class [DemoApplicationTests]: [ServletTestExecutionListener, DirtiesContextBeforeModesTestExecutionListener, ApplicationEventsTestExecutionListener, MockitoTestExecutionListener, DependencyInjectionTestExecutionListener, DirtiesContextTestExecutionListener, TransactionalTestExecutionListener, SqlScriptsTestExecutionListener, EventPublishingTestExecutionListener, RestDocsTestExecutionListener, MockRestServiceServerResetTestExecutionListener, MockMvcPrintOnlyOnFailureTestExecutionListener, WebDriverTestExecutionListener, MockWebServiceServerTestExecutionListener, ResetMocksTestExecutionListener]
05:00:23.442 [Test worker] DEBUG org.springframework.test.context.support.AbstractDirtiesContextTestExecutionListener - Before test class: class [DemoApplicationTests], class annotated with @DirtiesContext [false] with mode [null]

  .   ____          _            __ _ _
 /\\ / ___'_ __ _ _(_)_ __  __ _ \ \ \ \
( ( )\___ | '_ | '_| | '_ \/ _` | \ \ \ \
 \\/  ___)| |_)| | | | | || (_| |  ) ) ) )
  '  |____| .__|_| |_|_| |_\__, | / / / /
 =========|_|==============|___/=/_/_/_/
 :: Spring Boot ::                (v3.0.0)

2022-12-30T05:00:23.684+09:00  INFO 7536 --- [    Test worker] com.example.demo.DemoApplicationTests    : Starting DemoApplicationTests using Java 17.0.5 with PID 7536 (started by kimsan in /Users/kimsan/Downloads/demo)
2022-12-30T05:00:23.686+09:00  INFO 7536 --- [    Test worker] com.example.demo.DemoApplicationTests    : No active profile set, falling back to 1 default profile: "default"
2022-12-30T05:00:24.254+09:00  INFO 7536 --- [    Test worker] .s.d.r.c.RepositoryConfigurationDelegate : Bootstrapping Spring Data JPA repositories in DEFAULT mode.
2022-12-30T05:00:24.358+09:00  INFO 7536 --- [    Test worker] .s.d.r.c.RepositoryConfigurationDelegate : Finished Spring Data repository scanning in 95 ms. Found 2 JPA repository interfaces.
2022-12-30T05:00:25.022+09:00  INFO 7536 --- [    Test worker] o.hibernate.jpa.internal.util.LogHelper  : HHH000204: Processing PersistenceUnitInfo [name: default]
2022-12-30T05:00:25.087+09:00  INFO 7536 --- [    Test worker] org.hibernate.Version                    : HHH000412: Hibernate ORM core version 6.1.5.Final
2022-12-30T05:00:25.411+09:00  WARN 7536 --- [    Test worker] org.hibernate.orm.deprecation            : HHH90000021: Encountered deprecated setting [javax.persistence.sharedCache.mode], use [jakarta.persistence.sharedCache.mode] instead
2022-12-30T05:00:25.533+09:00  INFO 7536 --- [    Test worker] com.zaxxer.hikari.HikariDataSource       : HikariPool-1 - Starting...
2022-12-30T05:00:25.938+09:00  INFO 7536 --- [    Test worker] com.zaxxer.hikari.pool.HikariPool        : HikariPool-1 - Added connection com.mysql.cj.jdbc.ConnectionImpl@67afe909
2022-12-30T05:00:25.941+09:00  INFO 7536 --- [    Test worker] com.zaxxer.hikari.HikariDataSource       : HikariPool-1 - Start completed.
2022-12-30T05:00:25.997+09:00  INFO 7536 --- [    Test worker] SQL dialect                              : HHH000400: Using dialect: org.hibernate.dialect.MySQLDialect
Hibernate: 
    
    drop table if exists new_building_timetable
Hibernate: 
    
    drop table if exists old_building_timetable
Hibernate: 
    
    drop table if exists timetable
Hibernate: 
    
    drop table if exists user
Hibernate: 
    
    drop table if exists user_seq
Hibernate: 
    
    create table new_building_timetable (
       id integer not null auto_increment,
        day varchar(255),
        end integer,
        start integer,
        user varchar(255),
        primary key (id)
    ) engine=InnoDB
Hibernate: 
    
    create table old_building_timetable (
       id bigint not null auto_increment,
        day varchar(255),
        end integer,
        start integer,
        user varchar(255),
        primary key (id)
    ) engine=InnoDB
Hibernate: 
    
    create table timetable (
       id integer not null auto_increment,
        day varchar(255),
        end integer,
        start integer,
        user varchar(255),
        primary key (id)
    ) engine=InnoDB
Hibernate: 
    
    create table user (
       id integer not null,
        email varchar(255),
        name varchar(255),
        primary key (id)
    ) engine=InnoDB
Hibernate: 
    
    create table user_seq (
       next_val bigint
    ) engine=InnoDB
Hibernate: 
    
    insert into user_seq values ( 1 )
2022-12-30T05:00:26.718+09:00  INFO 7536 --- [    Test worker] o.h.e.t.j.p.i.JtaPlatformInitiator       : HHH000490: Using JtaPlatform implementation: [org.hibernate.engine.transaction.jta.platform.internal.NoJtaPlatform]
2022-12-30T05:00:26.724+09:00  INFO 7536 --- [    Test worker] j.LocalContainerEntityManagerFactoryBean : Initialized JPA EntityManagerFactory for persistence unit 'default'
2022-12-30T05:00:27.021+09:00  WARN 7536 --- [    Test worker] JpaBaseConfiguration$JpaWebConfiguration : spring.jpa.open-in-view is enabled by default. Therefore, database queries may be performed during view rendering. Explicitly configure spring.jpa.open-in-view to disable this warning
2022-12-30T05:00:27.266+09:00  INFO 7536 --- [    Test worker] com.example.demo.DemoApplicationTests    : Started DemoApplicationTests in 3.788 seconds (process running for 4.866)
]]></system-out>
  <system-err><![CDATA[]]></system-err>
</testsuite>
